Arguments: 
  /Users/jimmy/.nvm/versions/node/v14.4.0/bin/node /Users/jimmy/.nvm/versions/node/v14.4.0/bin/yarn init

PATH: 
  /Users/jimmy/.nvm/versions/node/v14.4.0/bin:/usr/local/bin:/usr/bin:/bin:/usr/sbin:/sbin:/Library/Apple/usr/bin

Yarn version: 
  1.22.11

Node version: 
  14.4.0

Platform: 
  darwin x64

Trace: 
  Error: canceled
      at Interface.<anonymous> (/Users/jimmy/.nvm/versions/node/v14.4.0/lib/node_modules/yarn/lib/cli.js:137023:13)
      at Interface.emit (events.js:315:20)
      at Interface._ttyWrite (readline.js:873:16)
      at ReadStream.onkeypress (readline.js:213:10)
      at ReadStream.emit (events.js:315:20)
      at emitKeys (internal/readline/utils.js:335:14)
      at emitKeys.next (<anonymous>)
      at ReadStream.onData (readline.js:1140:36)
      at ReadStream.emit (events.js:315:20)
      at addChunk (_stream_readable.js:302:12)

npm manifest: 
  No manifest

yarn manifest: 
  No manifest

Lockfile: 
  No lockfile
